# JRE version: OpenJDK Runtime Environment Corretto-11.0.8.10.1 (11.0.8+10) (build 11.0.8+10-LTS)
# Java VM: OpenJDK 64-Bit Server VM Corretto-11.0.8.10.1 (11.0.8+10-LTS, mixed mode, tiered, compressed oops, g1 gc, windows-amd64)
Heap:
 garbage-first heap   total 262144K, used 99325K [0x00000000e0000000, 0x0000000100000000)
  region size 1024K, 83 young (84992K), 10 survivors (10240K)
 Metaspace       used 49293K, capacity 50617K, committed 50896K, reserved 299008K
  class space    used 6490K, capacity 6982K, committed 7040K, reserved 253952K
GC Heap History (10 events):
Event: 0.637 GC heap before
{Heap before GC invocations=0 (full 0):
 garbage-first heap   total 262144K, used 29696K [0x00000000e0000000, 0x0000000100000000)
  region size 1024K, 24 young (24576K), 0 survivors (0K)
 Metaspace       used 10494K, capacity 10712K, committed 11008K, reserved 264192K
  class space    used 1098K, capacity 1164K, committed 1280K, reserved 253952K
}
Event: 0.642 GC heap after
{Heap after GC invocations=1 (full 0):
 garbage-first heap   total 262144K, used 8552K [0x00000000e0000000, 0x0000000100000000)
  region size 1024K, 3 young (3072K), 3 survivors (3072K)
 Metaspace       used 10494K, capacity 10712K, committed 11008K, reserved 264192K
  class space    used 1098K, capacity 1164K, committed 1280K, reserved 253952K
}
Event: 4.083 GC heap before
{Heap before GC invocations=1 (full 0):
 garbage-first heap   total 262144K, used 87400K [0x00000000e0000000, 0x0000000100000000)
  region size 1024K, 81 young (82944K), 3 survivors (3072K)
 Metaspace       used 20699K, capacity 21111K, committed 21296K, reserved 274432K
  class space    used 2433K, capacity 2595K, committed 2688K, reserved 253952K
}
Event: 4.089 GC heap after
{Heap after GC invocations=2 (full 0):
 garbage-first heap   total 262144K, used 15671K [0x00000000e0000000, 0x0000000100000000)
  region size 1024K, 10 young (10240K), 10 survivors (10240K)
 Metaspace       used 20699K, capacity 21111K, committed 21296K, reserved 274432K
  class space    used 2433K, capacity 2595K, committed 2688K, reserved 253952K
}
Event: 4.382 GC heap before
{Heap before GC invocations=3 (full 0):
 garbage-first heap   total 262144K, used 40247K [0x00000000e0000000, 0x0000000100000000)
  region size 1024K, 34 young (34816K), 10 survivors (10240K)
 Metaspace       used 23732K, capacity 24256K, committed 24368K, reserved 276480K
  class space    used 2926K, capacity 3117K, committed 3200K, reserved 253952K
}
Event: 4.387 GC heap after
{Heap after GC invocations=4 (full 0):
 garbage-first heap   total 262144K, used 16918K [0x00000000e0000000, 0x0000000100000000)
  region size 1024K, 2 young (2048K), 2 survivors (2048K)
 Metaspace       used 23732K, capacity 24256K, committed 24368K, reserved 276480K
  class space    used 2926K, capacity 3117K, committed 3200K, reserved 253952K
}
Event: 5.375 GC heap before
{Heap before GC invocations=4 (full 0):
 garbage-first heap   total 262144K, used 84502K [0x00000000e0000000, 0x0000000100000000)
  region size 1024K, 67 young (68608K), 2 survivors (2048K)
 Metaspace       used 35167K, capacity 35825K, committed 35920K, reserved 286720K
  class space    used 4351K, capacity 4591K, committed 4608K, reserved 253952K
}
Event: 5.383 GC heap after
{Heap after GC invocations=5 (full 0):
 garbage-first heap   total 262144K, used 21172K [0x00000000e0000000, 0x0000000100000000)
  region size 1024K, 6 young (6144K), 6 survivors (6144K)
 Metaspace       used 35167K, capacity 35825K, committed 35920K, reserved 286720K
  class space    used 4351K, capacity 4591K, committed 4608K, reserved 253952K
}
Event: 6.731 GC heap before
{Heap before GC invocations=6 (full 0):
 garbage-first heap   total 262144K, used 106164K [0x00000000e0000000, 0x0000000100000000)
  region size 1024K, 89 young (91136K), 6 survivors (6144K)
 Metaspace       used 42794K, capacity 43793K, committed 43856K, reserved 292864K
  class space    used 5515K, capacity 5874K, committed 5888K, reserved 253952K
}
Event: 6.743 GC heap after
{Heap after GC invocations=7 (full 0):
 garbage-first heap   total 262144K, used 25597K [0x00000000e0000000, 0x0000000100000000)
  region size 1024K, 10 young (10240K), 10 survivors (10240K)
 Metaspace       used 42794K, capacity 43793K, committed 43856K, reserved 292864K
  class space    used 5515K, capacity 5874K, committed 5888K, reserved 253952K
}

